TN:
SF:src\config\swagger.ts
FNF:0
FNH:0
DA:1,0
DA:2,0
DA:4,0
DA:287,0
LF:4
LH:0
BRF:0
BRH:0
end_of_record
TN:
SF:src\core\application\use-cases\projects\CreateProjectUseCase.ts
FN:5,(anonymous_0)
FN:7,(anonymous_1)
FNF:2
FNH:2
FNDA:3,(anonymous_0)
FNDA:3,(anonymous_1)
DA:4,1
DA:5,3
DA:8,3
LF:3
LH:3
BRF:0
BRH:0
end_of_record
TN:
SF:src\core\application\use-cases\projects\DeleteProjectUseCase.ts
FN:4,(anonymous_0)
FN:6,(anonymous_1)
FNF:2
FNH:2
FNDA:4,(anonymous_0)
FNDA:4,(anonymous_1)
DA:3,1
DA:4,4
DA:7,4
DA:8,3
DA:9,1
DA:12,2
LF:6
LH:6
BRDA:8,0,0,1
BRDA:8,0,1,2
BRF:2
BRH:2
end_of_record
TN:
SF:src\core\application\use-cases\projects\GetAllProjectsUseCase.ts
FN:5,(anonymous_0)
FN:7,(anonymous_1)
FNF:2
FNH:0
FNDA:0,(anonymous_0)
FNDA:0,(anonymous_1)
DA:4,0
DA:5,0
DA:8,0
LF:3
LH:0
BRF:0
BRH:0
end_of_record
TN:
SF:src\core\application\use-cases\projects\GetProjectByIdUseCase.ts
FN:5,(anonymous_0)
FN:7,(anonymous_1)
FNF:2
FNH:2
FNDA:3,(anonymous_0)
FNDA:3,(anonymous_1)
DA:4,1
DA:5,3
DA:8,3
LF:3
LH:3
BRF:0
BRH:0
end_of_record
TN:
SF:src\core\application\use-cases\projects\UpdateProjectUseCase.ts
FN:5,(anonymous_0)
FN:7,(anonymous_1)
FNF:2
FNH:0
FNDA:0,(anonymous_0)
FNDA:0,(anonymous_1)
DA:4,0
DA:5,0
DA:8,0
DA:9,0
DA:10,0
DA:13,0
LF:6
LH:0
BRDA:9,0,0,0
BRDA:9,0,1,0
BRF:2
BRH:0
end_of_record
TN:
SF:src\core\application\use-cases\tasks\CreateTaskUseCase.ts
FN:6,(anonymous_0)
FN:11,(anonymous_1)
FNF:2
FNH:2
FNDA:4,(anonymous_0)
FNDA:4,(anonymous_1)
DA:5,1
DA:7,4
DA:8,4
DA:12,4
DA:13,4
DA:14,1
DA:17,3
LF:7
LH:7
BRDA:13,0,0,1
BRDA:13,0,1,3
BRF:2
BRH:2
end_of_record
TN:
SF:src\core\application\use-cases\tasks\DeleteTaskUseCase.ts
FN:4,(anonymous_0)
FN:6,(anonymous_1)
FNF:2
FNH:0
FNDA:0,(anonymous_0)
FNDA:0,(anonymous_1)
DA:3,0
DA:4,0
DA:7,0
DA:8,0
DA:9,0
DA:12,0
LF:6
LH:0
BRDA:8,0,0,0
BRDA:8,0,1,0
BRF:2
BRH:0
end_of_record
TN:
SF:src\core\application\use-cases\tasks\GetAllTasksUseCase.ts
FN:5,(anonymous_0)
FN:7,(anonymous_1)
FNF:2
FNH:0
FNDA:0,(anonymous_0)
FNDA:0,(anonymous_1)
DA:4,0
DA:5,0
DA:8,0
LF:3
LH:0
BRF:0
BRH:0
end_of_record
TN:
SF:src\core\application\use-cases\tasks\GetTaskByIdUseCase.ts
FN:5,(anonymous_0)
FN:7,(anonymous_1)
FNF:2
FNH:0
FNDA:0,(anonymous_0)
FNDA:0,(anonymous_1)
DA:4,0
DA:5,0
DA:8,0
LF:3
LH:0
BRF:0
BRH:0
end_of_record
TN:
SF:src\core\application\use-cases\tasks\GetTasksByProjectIdUseCase.ts
FN:5,(anonymous_0)
FN:7,(anonymous_1)
FNF:2
FNH:0
FNDA:0,(anonymous_0)
FNDA:0,(anonymous_1)
DA:4,0
DA:5,0
DA:8,0
LF:3
LH:0
BRF:0
BRH:0
end_of_record
TN:
SF:src\core\application\use-cases\tasks\UpdateTaskStatusUseCase.ts
FN:6,(anonymous_0)
FN:8,(anonymous_1)
FNF:2
FNH:2
FNDA:4,(anonymous_0)
FNDA:7,(anonymous_1)
DA:5,1
DA:6,4
DA:9,7
DA:10,7
DA:11,1
DA:14,6
LF:6
LH:6
BRDA:10,0,0,1
BRDA:10,0,1,6
BRF:2
BRH:2
end_of_record
TN:
SF:src\core\application\use-cases\tasks\UpdateTaskUseCase.ts
FN:5,(anonymous_0)
FN:7,(anonymous_1)
FNF:2
FNH:0
FNDA:0,(anonymous_0)
FNDA:0,(anonymous_1)
DA:4,0
DA:5,0
DA:8,0
DA:9,0
DA:10,0
DA:13,0
LF:6
LH:0
BRDA:9,0,0,0
BRDA:9,0,1,0
BRF:2
BRH:0
end_of_record
TN:
SF:src\core\domain\entities\enums.ts
FN:1,(anonymous_0)
FN:8,(anonymous_1)
FNF:2
FNH:2
FNDA:3,(anonymous_0)
FNDA:3,(anonymous_1)
DA:1,3
DA:2,3
DA:3,3
DA:4,3
DA:5,3
DA:8,3
DA:9,3
DA:10,3
DA:11,3
DA:12,3
LF:10
LH:10
BRDA:1,0,0,3
BRDA:1,0,1,3
BRDA:8,1,0,3
BRDA:8,1,1,3
BRF:4
BRH:4
end_of_record
TN:
SF:src\core\dtos\ProjectDTO.ts
FN:37,(anonymous_0)
FNF:1
FNH:0
FNDA:0,(anonymous_0)
DA:1,0
DA:3,0
DA:5,0
DA:20,0
DA:37,0
LF:5
LH:0
BRF:0
BRH:0
end_of_record
TN:
SF:src\core\dtos\TaskDTO.ts
FN:24,(anonymous_0)
FN:46,(anonymous_1)
FN:48,(anonymous_2)
FNF:3
FNH:0
FNDA:0,(anonymous_0)
FNDA:0,(anonymous_1)
FNDA:0,(anonymous_2)
DA:1,0
DA:3,0
DA:4,0
DA:6,0
DA:24,0
DA:27,0
DA:46,0
DA:48,0
DA:52,0
DA:56,0
LF:10
LH:0
BRDA:24,0,0,0
BRDA:24,0,1,0
BRDA:46,1,0,0
BRDA:46,1,1,0
BRF:4
BRH:0
end_of_record
TN:
SF:src\infrastructure\repositories\PrismaProjectRepository.ts
FN:7,(anonymous_0)
FN:9,(anonymous_1)
FN:23,(anonymous_2)
FN:26,(anonymous_3)
FN:45,(anonymous_4)
FN:51,(anonymous_5)
FN:62,(anonymous_6)
FN:73,(anonymous_7)
FN:80,(anonymous_8)
FN:88,(anonymous_9)
FNF:10
FNH:0
FNDA:0,(anonymous_0)
FNDA:0,(anonymous_1)
FNDA:0,(anonymous_2)
FNDA:0,(anonymous_3)
FNDA:0,(anonymous_4)
FNDA:0,(anonymous_5)
FNDA:0,(anonymous_6)
FNDA:0,(anonymous_7)
FNDA:0,(anonymous_8)
FNDA:0,(anonymous_9)
DA:6,0
DA:7,0
DA:10,0
DA:23,0
DA:27,0
DA:38,0
DA:39,0
DA:42,0
DA:46,0
DA:52,0
DA:53,0
DA:58,0
DA:63,0
DA:64,0
DA:67,0
DA:69,0
DA:74,0
DA:77,0
DA:81,0
DA:88,0
DA:89,0
DA:92,0
LF:22
LH:0
BRDA:38,0,0,0
BRDA:38,0,1,0
BRF:2
BRH:0
end_of_record
TN:
SF:src\presentation\middlewares\cors.ts
FNF:0
FNH:0
DA:1,0
DA:3,0
LF:2
LH:0
BRF:0
BRH:0
end_of_record
TN:
SF:src\presentation\routes\projectRoutes.ts
FN:4,createProjectRoutes
FN:24,(anonymous_1)
FN:49,(anonymous_2)
FN:73,(anonymous_3)
FN:104,(anonymous_4)
FN:126,(anonymous_5)
FNF:6
FNH:0
FNDA:0,createProjectRoutes
FNDA:0,(anonymous_1)
FNDA:0,(anonymous_2)
FNDA:0,(anonymous_3)
FNDA:0,(anonymous_4)
FNDA:0,(anonymous_5)
DA:1,0
DA:4,0
DA:5,0
DA:24,0
DA:49,0
DA:73,0
DA:104,0
DA:126,0
DA:128,0
LF:9
LH:0
BRF:0
BRH:0
end_of_record
TN:
SF:src\presentation\routes\projectTaskRoutes.ts
FN:4,createProjectTaskRoutes
FN:30,(anonymous_1)
FNF:2
FNH:0
FNDA:0,createProjectTaskRoutes
FNDA:0,(anonymous_1)
DA:1,0
DA:4,0
DA:5,0
DA:30,0
DA:32,0
LF:5
LH:0
BRF:0
BRH:0
end_of_record
TN:
SF:src\presentation\routes\taskRoutes.ts
FN:4,createTaskRoutes
FN:40,(anonymous_1)
FN:65,(anonymous_2)
FN:89,(anonymous_3)
FN:120,(anonymous_4)
FN:151,(anonymous_5)
FN:172,(anonymous_6)
FNF:7
FNH:0
FNDA:0,createTaskRoutes
FNDA:0,(anonymous_1)
FNDA:0,(anonymous_2)
FNDA:0,(anonymous_3)
FNDA:0,(anonymous_4)
FNDA:0,(anonymous_5)
FNDA:0,(anonymous_6)
DA:1,0
DA:4,0
DA:5,0
DA:40,0
DA:65,0
DA:89,0
DA:120,0
DA:151,0
DA:172,0
DA:174,0
LF:10
LH:0
BRF:0
BRH:0
end_of_record
